*** Using Compiler 'V5.06 update 7 (build 960)', folder: 'D:\work\MDK540\ARM\ARMCC\Bin'
Build target 'KEY'
compiling main.c...
..\..\User\main.c(64): error:  #7: unrecognized token
      {E_MPU6050, mpu6050_proc},`
..\..\User\main.c(64): error:  #29: expected an expression
      {E_MPU6050, mpu6050_proc},`
..\..\User\main.c: 0 warnings, 2 errors
"..\..\Output\atk_f103.axf" - 2 Error(s), 0 Warning(s).
Target not created.
Build Time Elapsed:  00:00:01
